<?xml version="1.0" encoding="UTF-8"?>
<testng-results ignored="0" total="2" passed="2" failed="0" skipped="0">
  <reporter-output>
  </reporter-output>
  <suite started-at="2021-06-21T11:53:30Z" name="Default suite" finished-at="2021-06-21T11:53:30Z" duration-ms="31">
    <groups>
    </groups>
    <test started-at="2021-06-21T11:53:30Z" name="Default test" finished-at="2021-06-21T11:53:30Z" duration-ms="31">
      <class name="prasanth.vb.JavaPrograms.FibonacciSeries">
        <test-method is-config="true" signature="startTimer()[pri:0, instance:prasanth.vb.JavaPrograms.FibonacciSeries@cc43f62]" started-at="2021-06-21T11:53:30Z" name="startTimer" finished-at="2021-06-21T11:53:30Z" duration-ms="4" status="PASS">
          <reporter-output>
          </reporter-output>
        </test-method> <!-- startTimer -->
        <test-method signature="series()[pri:1, instance:prasanth.vb.JavaPrograms.FibonacciSeries@cc43f62]" started-at="2021-06-21T11:53:30Z" name="series" finished-at="2021-06-21T11:53:30Z" duration-ms="4" status="PASS">
          <reporter-output>
          </reporter-output>
        </test-method> <!-- series -->
        <test-method is-config="true" signature="endTimer()[pri:0, instance:prasanth.vb.JavaPrograms.FibonacciSeries@cc43f62]" started-at="2021-06-21T11:53:30Z" name="endTimer" finished-at="2021-06-21T11:53:30Z" duration-ms="0" status="PASS">
          <reporter-output>
          </reporter-output>
        </test-method> <!-- endTimer -->
        <test-method signature="fibonacciSeries()[pri:2, instance:prasanth.vb.JavaPrograms.FibonacciSeries@cc43f62]" started-at="2021-06-21T11:53:30Z" name="fibonacciSeries" finished-at="2021-06-21T11:53:30Z" duration-ms="1" status="PASS">
          <reporter-output>
          </reporter-output>
        </test-method> <!-- fibonacciSeries -->
        <test-method is-config="true" signature="startTimer()[pri:0, instance:prasanth.vb.JavaPrograms.FibonacciSeries@cc43f62]" started-at="2021-06-21T11:53:30Z" name="startTimer" finished-at="2021-06-21T11:53:30Z" duration-ms="0" status="PASS">
          <reporter-output>
          </reporter-output>
        </test-method> <!-- startTimer -->
        <test-method is-config="true" signature="endTimer()[pri:0, instance:prasanth.vb.JavaPrograms.FibonacciSeries@cc43f62]" started-at="2021-06-21T11:53:30Z" name="endTimer" finished-at="2021-06-21T11:53:30Z" duration-ms="0" status="PASS">
          <reporter-output>
          </reporter-output>
        </test-method> <!-- endTimer -->
      </class> <!-- prasanth.vb.JavaPrograms.FibonacciSeries -->
    </test> <!-- Default test -->
  </suite> <!-- Default suite -->
</testng-results>
